0 info it worked if it ends with ok
1 verbose cli [ '/usr/bin/node', '/usr/bin/npm', 'run', 'push' ]
2 info using npm@3.5.2
3 info using node@v8.10.0
4 verbose run-script [ 'prepush', 'push', 'postpush' ]
5 info lifecycle phone-numbers@1.0.0~prepush: phone-numbers@1.0.0
6 silly lifecycle phone-numbers@1.0.0~prepush: no script for prepush, continuing
7 info lifecycle phone-numbers@1.0.0~push: phone-numbers@1.0.0
8 verbose lifecycle phone-numbers@1.0.0~push: unsafe-perm in lifecycle true
9 verbose lifecycle phone-numbers@1.0.0~push: PATH: /usr/share/npm/bin/node-gyp-bin:/home/weylin/phone-numbers/node_modules/.bin:/usr/local/sbin:/usr/local/bin:/usr/sbin:/usr/bin:/sbin:/bin:/usr/games:/usr/local/games:/snap/bin
10 verbose lifecycle phone-numbers@1.0.0~push: CWD: /home/weylin/phone-numbers
11 silly lifecycle phone-numbers@1.0.0~push: Args: [ '-c',
11 silly lifecycle   'git add . && git commit -m \' \' && git push && git push heroku' ]
12 silly lifecycle phone-numbers@1.0.0~push: Returned: code: 1  signal: null
13 info lifecycle phone-numbers@1.0.0~push: Failed to exec push script
14 verbose stack Error: phone-numbers@1.0.0 push: `git add . && git commit -m ' ' && git push && git push heroku`
14 verbose stack Exit status 1
14 verbose stack     at EventEmitter.<anonymous> (/usr/share/npm/lib/utils/lifecycle.js:232:16)
14 verbose stack     at emitTwo (events.js:126:13)
14 verbose stack     at EventEmitter.emit (events.js:214:7)
14 verbose stack     at ChildProcess.<anonymous> (/usr/share/npm/lib/utils/spawn.js:24:14)
14 verbose stack     at emitTwo (events.js:126:13)
14 verbose stack     at ChildProcess.emit (events.js:214:7)
14 verbose stack     at maybeClose (internal/child_process.js:925:16)
14 verbose stack     at Process.ChildProcess._handle.onexit (internal/child_process.js:209:5)
15 verbose pkgid phone-numbers@1.0.0
16 verbose cwd /home/weylin/phone-numbers
17 error Linux 5.0.0-36-generic
18 error argv "/usr/bin/node" "/usr/bin/npm" "run" "push"
19 error node v8.10.0
20 error npm  v3.5.2
21 error code ELIFECYCLE
22 error phone-numbers@1.0.0 push: `git add . && git commit -m ' ' && git push && git push heroku`
22 error Exit status 1
23 error Failed at the phone-numbers@1.0.0 push script 'git add . && git commit -m ' ' && git push && git push heroku'.
23 error Make sure you have the latest version of node.js and npm installed.
23 error If you do, this is most likely a problem with the phone-numbers package,
23 error not with npm itself.
23 error Tell the author that this fails on your system:
23 error     git add . && git commit -m ' ' && git push && git push heroku
23 error You can get information on how to open an issue for this project with:
23 error     npm bugs phone-numbers
23 error Or if that isn't available, you can get their info via:
23 error     npm owner ls phone-numbers
23 error There is likely additional logging output above.
24 verbose exit [ 1, true ]
